2013-03-08 17:30:43,011 INFO  httpcrawl.Http - http.proxy.host = null
2013-03-08 17:30:43,012 INFO  httpcrawl.Http - http.proxy.port = 8080
2013-03-08 17:30:43,012 INFO  httpcrawl.Http - http.timeout = 10000
2013-03-08 17:30:43,012 INFO  httpcrawl.Http - http.content.limit = 65536
2013-03-08 17:30:43,012 INFO  httpcrawl.Http - http.agent = Opera Mini/Nutch-1.6
2013-03-08 17:30:43,012 INFO  httpcrawl.Http - http.accept.language = en-us,en-gb,en;q=0.7,*;q=0.3
2013-03-08 17:30:43,012 INFO  httpcrawl.Http - http.accept = text/html,application/xhtml+xml,application/xml;q=0.9,*/*;q=0.8
2013-03-08 17:33:25,690 INFO  httpcrawl.Http - http.proxy.host = null
2013-03-08 17:33:25,691 INFO  httpcrawl.Http - http.proxy.port = 8080
2013-03-08 17:33:25,691 INFO  httpcrawl.Http - http.timeout = 10000
2013-03-08 17:33:25,691 INFO  httpcrawl.Http - http.content.limit = 65536
2013-03-08 17:33:25,691 INFO  httpcrawl.Http - http.agent = Opera Mini/Nutch-1.6
2013-03-08 17:33:25,691 INFO  httpcrawl.Http - http.accept.language = en-us,en-gb,en;q=0.7,*;q=0.3
2013-03-08 17:33:25,691 INFO  httpcrawl.Http - http.accept = text/html,application/xhtml+xml,application/xml;q=0.9,*/*;q=0.8
2013-03-08 22:28:35,654 INFO  httpcrawl.Http - http.proxy.host = null
2013-03-08 22:28:35,678 INFO  httpcrawl.Http - http.proxy.port = 8080
2013-03-08 22:28:35,678 INFO  httpcrawl.Http - http.timeout = 10000
2013-03-08 22:28:35,678 INFO  httpcrawl.Http - http.content.limit = 65536
2013-03-08 22:28:35,678 INFO  httpcrawl.Http - http.agent = Opera Mini/Nutch-1.6
2013-03-08 22:28:35,678 INFO  httpcrawl.Http - http.accept.language = en-us,en-gb,en;q=0.7,*;q=0.3
2013-03-08 22:28:35,678 INFO  httpcrawl.Http - http.accept = text/html,application/xhtml+xml,application/xml;q=0.9,*/*;q=0.8
