2013-03-03 21:13:39,837 INFO  crawl.Crawl - crawl started in: crawl
2013-03-03 21:13:39,861 INFO  crawl.Crawl - rootUrlDir = urls
2013-03-03 21:13:39,862 INFO  crawl.Crawl - threads = 10
2013-03-03 21:13:39,862 INFO  crawl.Crawl - depth = 1
2013-03-03 21:13:39,862 INFO  crawl.Crawl - solrUrl=http://localhost:8983/solr/
2013-03-03 21:13:39,862 INFO  crawl.Crawl - topN = 1
2013-03-03 21:13:39,881 INFO  crawl.Injector - Injector: starting at 2013-03-03 21:13:39
2013-03-03 21:13:39,881 INFO  crawl.Injector - Injector: crawlDb: crawl/crawldb
2013-03-03 21:13:39,881 INFO  crawl.Injector - Injector: urlDir: urls
2013-03-03 21:13:39,937 INFO  crawl.Injector - Injector: Converting injected urls to crawl db entries.
2013-03-03 21:13:40,113 WARN  util.NativeCodeLoader - Unable to load native-hadoop library for your platform... using builtin-java classes where applicable
2013-03-03 21:13:40,177 WARN  snappy.LoadSnappy - Snappy native library not loaded
2013-03-03 21:13:40,744 WARN  plugin.PluginRepository - Plugins: directory not found: plugins
2013-03-03 21:13:40,744 INFO  plugin.PluginRepository - Plugin Auto-activation mode: [true]
2013-03-03 21:13:40,744 INFO  plugin.PluginRepository - Registered Plugins:
2013-03-03 21:13:40,744 INFO  plugin.PluginRepository - 	NONE
2013-03-03 21:13:40,744 INFO  plugin.PluginRepository - Registered Extension-Points:
2013-03-03 21:13:40,744 INFO  plugin.PluginRepository - 	NONE
2013-03-03 21:13:40,748 WARN  mapred.LocalJobRunner - job_local_0001
java.lang.RuntimeException: Error in configuring object
	at org.apache.hadoop.util.ReflectionUtils.setJobConf(ReflectionUtils.java:93)
	at org.apache.hadoop.util.ReflectionUtils.setConf(ReflectionUtils.java:64)
	at org.apache.hadoop.util.ReflectionUtils.newInstance(ReflectionUtils.java:117)
	at org.apache.hadoop.mapred.MapTask.runOldMapper(MapTask.java:432)
	at org.apache.hadoop.mapred.MapTask.run(MapTask.java:372)
	at org.apache.hadoop.mapred.LocalJobRunner$Job.run(LocalJobRunner.java:212)
Caused by: java.lang.reflect.InvocationTargetException
	at sun.reflect.NativeMethodAccessorImpl.invoke0(Native Method)
	at sun.reflect.NativeMethodAccessorImpl.invoke(Unknown Source)
	at sun.reflect.DelegatingMethodAccessorImpl.invoke(Unknown Source)
	at java.lang.reflect.Method.invoke(Unknown Source)
	at org.apache.hadoop.util.ReflectionUtils.setJobConf(ReflectionUtils.java:88)
	... 5 more
Caused by: java.lang.RuntimeException: Error in configuring object
	at org.apache.hadoop.util.ReflectionUtils.setJobConf(ReflectionUtils.java:93)
	at org.apache.hadoop.util.ReflectionUtils.setConf(ReflectionUtils.java:64)
	at org.apache.hadoop.util.ReflectionUtils.newInstance(ReflectionUtils.java:117)
	at org.apache.hadoop.mapred.MapRunner.configure(MapRunner.java:34)
	... 10 more
Caused by: java.lang.reflect.InvocationTargetException
	at sun.reflect.NativeMethodAccessorImpl.invoke0(Native Method)
	at sun.reflect.NativeMethodAccessorImpl.invoke(Unknown Source)
	at sun.reflect.DelegatingMethodAccessorImpl.invoke(Unknown Source)
	at java.lang.reflect.Method.invoke(Unknown Source)
	at org.apache.hadoop.util.ReflectionUtils.setJobConf(ReflectionUtils.java:88)
	... 13 more
Caused by: java.lang.RuntimeException: x point org.apache.nutch.net.URLNormalizer not found.
	at org.apache.nutch.net.URLNormalizers.<init>(URLNormalizers.java:123)
	at org.apache.nutch.crawl.Injector$InjectMapper.configure(Injector.java:74)
	... 18 more
2013-03-03 21:14:06,439 INFO  crawl.Crawl - crawl started in: crawl
2013-03-03 21:14:06,440 INFO  crawl.Crawl - rootUrlDir = urls
2013-03-03 21:14:06,440 INFO  crawl.Crawl - threads = 10
2013-03-03 21:14:06,440 INFO  crawl.Crawl - depth = 1
2013-03-03 21:14:06,440 INFO  crawl.Crawl - solrUrl=http://localhost:8983/solr/
2013-03-03 21:14:06,440 INFO  crawl.Crawl - topN = 1
2013-03-03 21:14:06,462 INFO  crawl.Injector - Injector: starting at 2013-03-03 21:14:06
2013-03-03 21:14:06,462 INFO  crawl.Injector - Injector: crawlDb: crawl/crawldb
2013-03-03 21:14:06,462 INFO  crawl.Injector - Injector: urlDir: urls
2013-03-03 21:14:06,496 INFO  crawl.Injector - Injector: Converting injected urls to crawl db entries.
2013-03-03 21:14:06,633 WARN  util.NativeCodeLoader - Unable to load native-hadoop library for your platform... using builtin-java classes where applicable
2013-03-03 21:14:06,741 WARN  snappy.LoadSnappy - Snappy native library not loaded
2013-03-03 21:14:07,638 WARN  plugin.PluginRepository - Plugins: directory not found: plugins
2013-03-03 21:14:07,639 INFO  plugin.PluginRepository - Plugin Auto-activation mode: [true]
2013-03-03 21:14:07,639 INFO  plugin.PluginRepository - Registered Plugins:
2013-03-03 21:14:07,639 INFO  plugin.PluginRepository - 	NONE
2013-03-03 21:14:07,639 INFO  plugin.PluginRepository - Registered Extension-Points:
2013-03-03 21:14:07,639 INFO  plugin.PluginRepository - 	NONE
2013-03-03 21:14:07,680 WARN  mapred.LocalJobRunner - job_local_0001
java.lang.RuntimeException: Error in configuring object
	at org.apache.hadoop.util.ReflectionUtils.setJobConf(ReflectionUtils.java:93)
	at org.apache.hadoop.util.ReflectionUtils.setConf(ReflectionUtils.java:64)
	at org.apache.hadoop.util.ReflectionUtils.newInstance(ReflectionUtils.java:117)
	at org.apache.hadoop.mapred.MapTask.runOldMapper(MapTask.java:432)
	at org.apache.hadoop.mapred.MapTask.run(MapTask.java:372)
	at org.apache.hadoop.mapred.LocalJobRunner$Job.run(LocalJobRunner.java:212)
Caused by: java.lang.reflect.InvocationTargetException
	at sun.reflect.NativeMethodAccessorImpl.invoke0(Native Method)
	at sun.reflect.NativeMethodAccessorImpl.invoke(Unknown Source)
	at sun.reflect.DelegatingMethodAccessorImpl.invoke(Unknown Source)
	at java.lang.reflect.Method.invoke(Unknown Source)
	at org.apache.hadoop.util.ReflectionUtils.setJobConf(ReflectionUtils.java:88)
	... 5 more
Caused by: java.lang.RuntimeException: Error in configuring object
	at org.apache.hadoop.util.ReflectionUtils.setJobConf(ReflectionUtils.java:93)
	at org.apache.hadoop.util.ReflectionUtils.setConf(ReflectionUtils.java:64)
	at org.apache.hadoop.util.ReflectionUtils.newInstance(ReflectionUtils.java:117)
	at org.apache.hadoop.mapred.MapRunner.configure(MapRunner.java:34)
	... 10 more
Caused by: java.lang.reflect.InvocationTargetException
	at sun.reflect.NativeMethodAccessorImpl.invoke0(Native Method)
	at sun.reflect.NativeMethodAccessorImpl.invoke(Unknown Source)
	at sun.reflect.DelegatingMethodAccessorImpl.invoke(Unknown Source)
	at java.lang.reflect.Method.invoke(Unknown Source)
	at org.apache.hadoop.util.ReflectionUtils.setJobConf(ReflectionUtils.java:88)
	... 13 more
Caused by: java.lang.RuntimeException: x point org.apache.nutch.net.URLNormalizer not found.
	at org.apache.nutch.net.URLNormalizers.<init>(URLNormalizers.java:123)
	at org.apache.nutch.crawl.Injector$InjectMapper.configure(Injector.java:74)
	... 18 more
2013-03-03 21:29:37,657 INFO  crawl.Crawl - crawl started in: crawl
2013-03-03 21:29:37,657 INFO  crawl.Crawl - rootUrlDir = urls
2013-03-03 21:29:37,657 INFO  crawl.Crawl - threads = 10
2013-03-03 21:29:37,657 INFO  crawl.Crawl - depth = 1
2013-03-03 21:29:37,657 INFO  crawl.Crawl - solrUrl=http://localhost:8983/solr/
2013-03-03 21:29:37,657 INFO  crawl.Crawl - topN = 1
2013-03-03 21:29:37,676 INFO  crawl.Injector - Injector: starting at 2013-03-03 21:29:37
2013-03-03 21:29:37,676 INFO  crawl.Injector - Injector: crawlDb: crawl/crawldb
2013-03-03 21:29:37,676 INFO  crawl.Injector - Injector: urlDir: urls
2013-03-03 21:29:37,737 INFO  crawl.Injector - Injector: Converting injected urls to crawl db entries.
2013-03-03 21:29:37,810 WARN  util.NativeCodeLoader - Unable to load native-hadoop library for your platform... using builtin-java classes where applicable
2013-03-03 21:29:37,861 WARN  snappy.LoadSnappy - Snappy native library not loaded
2013-03-03 21:29:38,378 WARN  plugin.PluginRepository - Plugins: directory not found: plugins
2013-03-03 21:29:38,378 INFO  plugin.PluginRepository - Plugin Auto-activation mode: [true]
2013-03-03 21:29:38,378 INFO  plugin.PluginRepository - Registered Plugins:
2013-03-03 21:29:38,378 INFO  plugin.PluginRepository - 	NONE
2013-03-03 21:29:38,378 INFO  plugin.PluginRepository - Registered Extension-Points:
2013-03-03 21:29:38,378 INFO  plugin.PluginRepository - 	NONE
2013-03-03 21:29:38,382 WARN  mapred.LocalJobRunner - job_local_0001
java.lang.RuntimeException: Error in configuring object
	at org.apache.hadoop.util.ReflectionUtils.setJobConf(ReflectionUtils.java:93)
	at org.apache.hadoop.util.ReflectionUtils.setConf(ReflectionUtils.java:64)
	at org.apache.hadoop.util.ReflectionUtils.newInstance(ReflectionUtils.java:117)
	at org.apache.hadoop.mapred.MapTask.runOldMapper(MapTask.java:432)
	at org.apache.hadoop.mapred.MapTask.run(MapTask.java:372)
	at org.apache.hadoop.mapred.LocalJobRunner$Job.run(LocalJobRunner.java:212)
Caused by: java.lang.reflect.InvocationTargetException
	at sun.reflect.NativeMethodAccessorImpl.invoke0(Native Method)
	at sun.reflect.NativeMethodAccessorImpl.invoke(Unknown Source)
	at sun.reflect.DelegatingMethodAccessorImpl.invoke(Unknown Source)
	at java.lang.reflect.Method.invoke(Unknown Source)
	at org.apache.hadoop.util.ReflectionUtils.setJobConf(ReflectionUtils.java:88)
	... 5 more
Caused by: java.lang.RuntimeException: Error in configuring object
	at org.apache.hadoop.util.ReflectionUtils.setJobConf(ReflectionUtils.java:93)
	at org.apache.hadoop.util.ReflectionUtils.setConf(ReflectionUtils.java:64)
	at org.apache.hadoop.util.ReflectionUtils.newInstance(ReflectionUtils.java:117)
	at org.apache.hadoop.mapred.MapRunner.configure(MapRunner.java:34)
	... 10 more
Caused by: java.lang.reflect.InvocationTargetException
	at sun.reflect.NativeMethodAccessorImpl.invoke0(Native Method)
	at sun.reflect.NativeMethodAccessorImpl.invoke(Unknown Source)
	at sun.reflect.DelegatingMethodAccessorImpl.invoke(Unknown Source)
	at java.lang.reflect.Method.invoke(Unknown Source)
	at org.apache.hadoop.util.ReflectionUtils.setJobConf(ReflectionUtils.java:88)
	... 13 more
Caused by: java.lang.RuntimeException: x point org.apache.nutch.net.URLNormalizer not found.
	at org.apache.nutch.net.URLNormalizers.<init>(URLNormalizers.java:123)
	at org.apache.nutch.crawl.Injector$InjectMapper.configure(Injector.java:74)
	... 18 more
2013-03-03 21:30:47,524 INFO  crawl.Crawl - crawl started in: crawl
2013-03-03 21:30:47,525 INFO  crawl.Crawl - rootUrlDir = urls
2013-03-03 21:30:47,525 INFO  crawl.Crawl - threads = 10
2013-03-03 21:30:47,525 INFO  crawl.Crawl - depth = 1
2013-03-03 21:30:47,525 INFO  crawl.Crawl - solrUrl=http://localhost:8983/solr/
2013-03-03 21:30:47,525 INFO  crawl.Crawl - topN = 1
2013-03-03 21:30:47,544 INFO  crawl.Injector - Injector: starting at 2013-03-03 21:30:47
2013-03-03 21:30:47,544 INFO  crawl.Injector - Injector: crawlDb: crawl/crawldb
2013-03-03 21:30:47,544 INFO  crawl.Injector - Injector: urlDir: urls
2013-03-03 21:30:47,577 INFO  crawl.Injector - Injector: Converting injected urls to crawl db entries.
2013-03-03 21:30:47,654 WARN  util.NativeCodeLoader - Unable to load native-hadoop library for your platform... using builtin-java classes where applicable
2013-03-03 21:30:47,708 WARN  snappy.LoadSnappy - Snappy native library not loaded
2013-03-03 21:30:48,181 WARN  plugin.PluginRepository - Plugins: directory not found: plugins
2013-03-03 21:30:48,182 INFO  plugin.PluginRepository - Plugin Auto-activation mode: [true]
2013-03-03 21:30:48,182 INFO  plugin.PluginRepository - Registered Plugins:
2013-03-03 21:30:48,182 INFO  plugin.PluginRepository - 	NONE
2013-03-03 21:30:48,182 INFO  plugin.PluginRepository - Registered Extension-Points:
2013-03-03 21:30:48,182 INFO  plugin.PluginRepository - 	NONE
2013-03-03 21:30:48,185 WARN  mapred.LocalJobRunner - job_local_0001
java.lang.RuntimeException: Error in configuring object
	at org.apache.hadoop.util.ReflectionUtils.setJobConf(ReflectionUtils.java:93)
	at org.apache.hadoop.util.ReflectionUtils.setConf(ReflectionUtils.java:64)
	at org.apache.hadoop.util.ReflectionUtils.newInstance(ReflectionUtils.java:117)
	at org.apache.hadoop.mapred.MapTask.runOldMapper(MapTask.java:432)
	at org.apache.hadoop.mapred.MapTask.run(MapTask.java:372)
	at org.apache.hadoop.mapred.LocalJobRunner$Job.run(LocalJobRunner.java:212)
Caused by: java.lang.reflect.InvocationTargetException
	at sun.reflect.NativeMethodAccessorImpl.invoke0(Native Method)
	at sun.reflect.NativeMethodAccessorImpl.invoke(Unknown Source)
	at sun.reflect.DelegatingMethodAccessorImpl.invoke(Unknown Source)
	at java.lang.reflect.Method.invoke(Unknown Source)
	at org.apache.hadoop.util.ReflectionUtils.setJobConf(ReflectionUtils.java:88)
	... 5 more
Caused by: java.lang.RuntimeException: Error in configuring object
	at org.apache.hadoop.util.ReflectionUtils.setJobConf(ReflectionUtils.java:93)
	at org.apache.hadoop.util.ReflectionUtils.setConf(ReflectionUtils.java:64)
	at org.apache.hadoop.util.ReflectionUtils.newInstance(ReflectionUtils.java:117)
	at org.apache.hadoop.mapred.MapRunner.configure(MapRunner.java:34)
	... 10 more
Caused by: java.lang.reflect.InvocationTargetException
	at sun.reflect.NativeMethodAccessorImpl.invoke0(Native Method)
	at sun.reflect.NativeMethodAccessorImpl.invoke(Unknown Source)
	at sun.reflect.DelegatingMethodAccessorImpl.invoke(Unknown Source)
	at java.lang.reflect.Method.invoke(Unknown Source)
	at org.apache.hadoop.util.ReflectionUtils.setJobConf(ReflectionUtils.java:88)
	... 13 more
Caused by: java.lang.RuntimeException: x point org.apache.nutch.net.URLNormalizer not found.
	at org.apache.nutch.net.URLNormalizers.<init>(URLNormalizers.java:123)
	at org.apache.nutch.crawl.Injector$InjectMapper.configure(Injector.java:74)
	... 18 more
2013-03-03 21:33:13,973 INFO  crawl.Crawl - crawl started in: crawl
2013-03-03 21:33:13,974 INFO  crawl.Crawl - rootUrlDir = urls
2013-03-03 21:33:13,974 INFO  crawl.Crawl - threads = 10
2013-03-03 21:33:13,974 INFO  crawl.Crawl - depth = 1
2013-03-03 21:33:13,974 INFO  crawl.Crawl - solrUrl=http://localhost:8983/solr/
2013-03-03 21:33:13,974 INFO  crawl.Crawl - topN = 1
2013-03-03 21:33:13,994 INFO  crawl.Injector - Injector: starting at 2013-03-03 21:33:13
2013-03-03 21:33:13,994 INFO  crawl.Injector - Injector: crawlDb: crawl/crawldb
2013-03-03 21:33:13,994 INFO  crawl.Injector - Injector: urlDir: urls
2013-03-03 21:33:14,025 INFO  crawl.Injector - Injector: Converting injected urls to crawl db entries.
2013-03-03 21:33:14,079 WARN  util.NativeCodeLoader - Unable to load native-hadoop library for your platform... using builtin-java classes where applicable
2013-03-03 21:33:14,132 WARN  snappy.LoadSnappy - Snappy native library not loaded
2013-03-03 21:33:14,679 INFO  plugin.PluginRepository - Plugins: looking in: C:\cygwin\home\Abner\stuff\apache-nutch-1.6-src\.\src\plugin
2013-03-03 21:33:15,827 INFO  plugin.PluginRepository - Plugin Auto-activation mode: [true]
2013-03-03 21:33:15,827 INFO  plugin.PluginRepository - Registered Plugins:
2013-03-03 21:33:15,827 INFO  plugin.PluginRepository - 	the nutch core extension points (nutch-extensionpoints)
2013-03-03 21:33:15,827 INFO  plugin.PluginRepository - 	Basic URL Normalizer (urlnormalizer-basic)
2013-03-03 21:33:15,827 INFO  plugin.PluginRepository - 	Html Parse Plug-in (parse-html)
2013-03-03 21:33:15,827 INFO  plugin.PluginRepository - 	Basic Indexing Filter (index-basic)
2013-03-03 21:33:15,827 INFO  plugin.PluginRepository - 	Http / Https Protocol Plug-in (protocol-httpclient)
2013-03-03 21:33:15,827 INFO  plugin.PluginRepository - 	HTTP Framework (lib-http)
2013-03-03 21:33:15,827 INFO  plugin.PluginRepository - 	Regex URL Filter (urlfilter-regex)
2013-03-03 21:33:15,827 INFO  plugin.PluginRepository - 	Pass-through URL Normalizer (urlnormalizer-pass)
2013-03-03 21:33:15,827 INFO  plugin.PluginRepository - 	Regex URL Normalizer (urlnormalizer-regex)
2013-03-03 21:33:15,827 INFO  plugin.PluginRepository - 	Tika Parser Plug-in (parse-tika)
2013-03-03 21:33:15,827 INFO  plugin.PluginRepository - 	OPIC Scoring Plug-in (scoring-opic)
2013-03-03 21:33:15,827 INFO  plugin.PluginRepository - 	CyberNeko HTML Parser (lib-nekohtml)
2013-03-03 21:33:15,827 INFO  plugin.PluginRepository - 	Anchor Indexing Filter (index-anchor)
2013-03-03 21:33:15,827 INFO  plugin.PluginRepository - 	Regex URL Filter Framework (lib-regex-filter)
2013-03-03 21:33:15,828 INFO  plugin.PluginRepository - Registered Extension-Points:
2013-03-03 21:33:15,828 INFO  plugin.PluginRepository - 	Nutch URL Normalizer (org.apache.nutch.net.URLNormalizer)
2013-03-03 21:33:15,828 INFO  plugin.PluginRepository - 	Nutch Protocol (org.apache.nutch.protocol.Protocol)
2013-03-03 21:33:15,828 INFO  plugin.PluginRepository - 	Nutch Segment Merge Filter (org.apache.nutch.segment.SegmentMergeFilter)
2013-03-03 21:33:15,828 INFO  plugin.PluginRepository - 	Nutch URL Filter (org.apache.nutch.net.URLFilter)
2013-03-03 21:33:15,828 INFO  plugin.PluginRepository - 	Nutch Indexing Filter (org.apache.nutch.indexer.IndexingFilter)
2013-03-03 21:33:15,828 INFO  plugin.PluginRepository - 	HTML Parse Filter (org.apache.nutch.parse.HtmlParseFilter)
2013-03-03 21:33:15,828 INFO  plugin.PluginRepository - 	Nutch Content Parser (org.apache.nutch.parse.Parser)
2013-03-03 21:33:15,828 INFO  plugin.PluginRepository - 	Nutch Scoring (org.apache.nutch.scoring.ScoringFilter)
2013-03-03 21:33:15,920 INFO  regex.RegexURLNormalizer - can't find rules for scope 'inject', using default
2013-03-03 21:33:21,486 INFO  crawl.Injector - Injector: total number of urls rejected by filters: 0
2013-03-03 21:33:21,486 INFO  crawl.Injector - Injector: total number of urls injected after normalization and filtering: 1
2013-03-03 21:33:21,486 INFO  crawl.Injector - Injector: Merging injected urls into crawl db.
2013-03-03 21:33:28,726 INFO  crawl.Injector - Injector: finished at 2013-03-03 21:33:28, elapsed: 00:00:14
2013-03-03 21:33:28,737 INFO  crawl.Generator - Generator: starting at 2013-03-03 21:33:28
2013-03-03 21:33:28,737 INFO  crawl.Generator - Generator: Selecting best-scoring urls due for fetch.
2013-03-03 21:33:28,737 INFO  crawl.Generator - Generator: filtering: true
2013-03-03 21:33:28,737 INFO  crawl.Generator - Generator: normalizing: true
2013-03-03 21:33:28,737 INFO  crawl.Generator - Generator: topN: 1
2013-03-03 21:33:28,738 INFO  crawl.Generator - Generator: jobtracker is 'local', generating exactly one partition.
2013-03-03 21:33:29,325 INFO  crawl.FetchScheduleFactory - Using FetchSchedule impl: org.apache.nutch.crawl.DefaultFetchSchedule
2013-03-03 21:33:29,325 INFO  crawl.AbstractFetchSchedule - defaultInterval=2592000
2013-03-03 21:33:29,325 INFO  crawl.AbstractFetchSchedule - maxInterval=7776000
2013-03-03 21:33:29,364 INFO  regex.RegexURLNormalizer - can't find rules for scope 'partition', using default
2013-03-03 21:33:32,276 INFO  crawl.FetchScheduleFactory - Using FetchSchedule impl: org.apache.nutch.crawl.DefaultFetchSchedule
2013-03-03 21:33:32,276 INFO  crawl.AbstractFetchSchedule - defaultInterval=2592000
2013-03-03 21:33:32,276 INFO  crawl.AbstractFetchSchedule - maxInterval=7776000
2013-03-03 21:33:32,301 INFO  regex.RegexURLNormalizer - can't find rules for scope 'generate_host_count', using default
2013-03-03 21:33:36,057 INFO  crawl.Generator - Generator: Partitioning selected urls for politeness.
2013-03-03 21:33:37,077 INFO  crawl.Generator - Generator: segment: crawl/segments/20130303213337
2013-03-03 21:33:37,777 INFO  regex.RegexURLNormalizer - can't find rules for scope 'partition', using default
2013-03-03 21:33:44,639 INFO  crawl.Generator - Generator: finished at 2013-03-03 21:33:44, elapsed: 00:00:15
2013-03-03 21:33:44,639 WARN  fetcher.Fetcher - Fetcher: Your 'http.agent.name' value should be listed first in 'http.robots.agents' property.
2013-03-03 21:33:44,639 INFO  fetcher.Fetcher - Fetcher: starting at 2013-03-03 21:33:44
2013-03-03 21:33:44,639 INFO  fetcher.Fetcher - Fetcher: segment: crawl/segments/20130303213337
2013-03-03 21:33:45,325 INFO  fetcher.Fetcher - Using queue mode : byHost
2013-03-03 21:33:45,325 INFO  fetcher.Fetcher - Fetcher: threads: 10
2013-03-03 21:33:45,325 INFO  fetcher.Fetcher - Fetcher: time-out divisor: 2
2013-03-03 21:33:45,342 INFO  fetcher.Fetcher - QueueFeeder finished: total 1 records + hit by time limit :0
2013-03-03 21:33:45,486 INFO  fetcher.Fetcher - Using queue mode : byHost
2013-03-03 21:33:45,487 INFO  fetcher.Fetcher - Using queue mode : byHost
2013-03-03 21:33:45,488 INFO  fetcher.Fetcher - Using queue mode : byHost
2013-03-03 21:33:45,488 INFO  fetcher.Fetcher - fetching http://www.douban.com/
2013-03-03 21:33:45,491 INFO  fetcher.Fetcher - Using queue mode : byHost
2013-03-03 21:33:45,491 INFO  fetcher.Fetcher - Using queue mode : byHost
2013-03-03 21:33:45,492 INFO  fetcher.Fetcher - Using queue mode : byHost
2013-03-03 21:33:45,492 INFO  fetcher.Fetcher - Using queue mode : byHost
2013-03-03 21:33:45,493 INFO  fetcher.Fetcher - Using queue mode : byHost
2013-03-03 21:33:45,493 INFO  fetcher.Fetcher - Using queue mode : byHost
2013-03-03 21:33:45,493 INFO  fetcher.Fetcher - Using queue mode : byHost
2013-03-03 21:33:45,494 INFO  fetcher.Fetcher - Fetcher: throughput threshold: -1
2013-03-03 21:33:45,494 INFO  fetcher.Fetcher - Fetcher: throughput threshold retries: 5
2013-03-03 21:33:45,506 INFO  fetcher.Fetcher - -finishing thread FetcherThread, activeThreads=8
2013-03-03 21:33:45,506 INFO  fetcher.Fetcher - -finishing thread FetcherThread, activeThreads=7
2013-03-03 21:33:45,506 INFO  fetcher.Fetcher - -finishing thread FetcherThread, activeThreads=7
2013-03-03 21:33:45,506 INFO  fetcher.Fetcher - -finishing thread FetcherThread, activeThreads=6
2013-03-03 21:33:45,507 INFO  fetcher.Fetcher - -finishing thread FetcherThread, activeThreads=5
2013-03-03 21:33:45,507 INFO  fetcher.Fetcher - -finishing thread FetcherThread, activeThreads=1
2013-03-03 21:33:45,507 INFO  fetcher.Fetcher - -finishing thread FetcherThread, activeThreads=4
2013-03-03 21:33:45,507 INFO  fetcher.Fetcher - -finishing thread FetcherThread, activeThreads=2
2013-03-03 21:33:45,507 INFO  fetcher.Fetcher - -finishing thread FetcherThread, activeThreads=3
2013-03-03 21:33:45,940 INFO  httpclient.Http - http.proxy.host = null
2013-03-03 21:33:45,940 INFO  httpclient.Http - http.proxy.port = 8080
2013-03-03 21:33:45,940 INFO  httpclient.Http - http.timeout = 10000
2013-03-03 21:33:45,940 INFO  httpclient.Http - http.content.limit = 65536
2013-03-03 21:33:45,940 INFO  httpclient.Http - http.agent = Opera Mini/Nutch-1.6
2013-03-03 21:33:45,940 INFO  httpclient.Http - http.accept.language = en-us,en-gb,en;q=0.7,*;q=0.3
2013-03-03 21:33:45,940 INFO  httpclient.Http - http.accept = text/html,application/xhtml+xml,application/xml;q=0.9,*/*;q=0.8
2013-03-03 21:33:47,351 INFO  fetcher.Fetcher - -activeThreads=1, spinWaiting=0, fetchQueues.totalSize=0
2013-03-03 21:33:48,354 INFO  fetcher.Fetcher - -activeThreads=1, spinWaiting=0, fetchQueues.totalSize=0
2013-03-03 21:33:49,355 INFO  fetcher.Fetcher - -activeThreads=1, spinWaiting=0, fetchQueues.totalSize=0
2013-03-03 21:33:50,355 INFO  fetcher.Fetcher - -activeThreads=1, spinWaiting=0, fetchQueues.totalSize=0
2013-03-03 21:33:51,355 INFO  fetcher.Fetcher - -activeThreads=1, spinWaiting=0, fetchQueues.totalSize=0
2013-03-03 21:33:52,357 INFO  fetcher.Fetcher - -activeThreads=1, spinWaiting=0, fetchQueues.totalSize=0
2013-03-03 21:33:53,384 INFO  fetcher.Fetcher - -activeThreads=1, spinWaiting=0, fetchQueues.totalSize=0
2013-03-03 21:33:54,384 INFO  fetcher.Fetcher - -activeThreads=1, spinWaiting=0, fetchQueues.totalSize=0
2013-03-03 21:33:55,385 INFO  fetcher.Fetcher - -activeThreads=1, spinWaiting=0, fetchQueues.totalSize=0
2013-03-03 21:33:56,385 INFO  fetcher.Fetcher - -activeThreads=1, spinWaiting=0, fetchQueues.totalSize=0
2013-03-03 21:33:57,420 INFO  fetcher.Fetcher - -activeThreads=1, spinWaiting=0, fetchQueues.totalSize=0
2013-03-03 21:33:58,125 INFO  fetcher.Fetcher - -finishing thread FetcherThread, activeThreads=0
2013-03-03 21:33:58,420 INFO  fetcher.Fetcher - -activeThreads=0, spinWaiting=0, fetchQueues.totalSize=0
2013-03-03 21:33:58,420 INFO  fetcher.Fetcher - -activeThreads=0
2013-03-03 21:34:04,079 INFO  fetcher.Fetcher - Fetcher: finished at 2013-03-03 21:34:04, elapsed: 00:00:19
2013-03-03 21:34:04,084 INFO  parse.ParseSegment - ParseSegment: starting at 2013-03-03 21:34:04
2013-03-03 21:34:04,084 INFO  parse.ParseSegment - ParseSegment: segment: crawl/segments/20130303213337
2013-03-03 21:34:05,354 INFO  crawl.SignatureFactory - Using Signature impl: org.apache.nutch.crawl.MD5Signature
2013-03-03 21:34:05,360 INFO  parse.ParseSegment - Parsed (17ms):http://www.douban.com/
2013-03-03 21:34:07,850 INFO  regex.RegexURLNormalizer - can't find rules for scope 'outlink', using default
2013-03-03 21:34:11,484 INFO  parse.ParseSegment - ParseSegment: finished at 2013-03-03 21:34:11, elapsed: 00:00:07
2013-03-03 21:34:11,490 INFO  crawl.CrawlDb - CrawlDb update: starting at 2013-03-03 21:34:11
2013-03-03 21:34:11,490 INFO  crawl.CrawlDb - CrawlDb update: db: crawl/crawldb
2013-03-03 21:34:11,491 INFO  crawl.CrawlDb - CrawlDb update: segments: [crawl/segments/20130303213337]
2013-03-03 21:34:11,491 INFO  crawl.CrawlDb - CrawlDb update: additions allowed: true
2013-03-03 21:34:11,491 INFO  crawl.CrawlDb - CrawlDb update: URL normalizing: true
2013-03-03 21:34:11,491 INFO  crawl.CrawlDb - CrawlDb update: URL filtering: true
2013-03-03 21:34:11,491 INFO  crawl.CrawlDb - CrawlDb update: 404 purging: false
2013-03-03 21:34:11,491 INFO  crawl.CrawlDb - CrawlDb update: Merging segment data into db.
2013-03-03 21:34:11,976 INFO  regex.RegexURLNormalizer - can't find rules for scope 'crawldb', using default
2013-03-03 21:34:14,723 INFO  regex.RegexURLNormalizer - can't find rules for scope 'crawldb', using default
2013-03-03 21:34:17,730 INFO  regex.RegexURLNormalizer - can't find rules for scope 'crawldb', using default
2013-03-03 21:34:20,749 INFO  crawl.FetchScheduleFactory - Using FetchSchedule impl: org.apache.nutch.crawl.DefaultFetchSchedule
2013-03-03 21:34:20,749 INFO  crawl.AbstractFetchSchedule - defaultInterval=2592000
2013-03-03 21:34:20,749 INFO  crawl.AbstractFetchSchedule - maxInterval=7776000
2013-03-03 21:34:24,636 INFO  crawl.CrawlDb - CrawlDb update: finished at 2013-03-03 21:34:24, elapsed: 00:00:13
2013-03-03 21:34:24,648 INFO  crawl.LinkDb - LinkDb: starting at 2013-03-03 21:34:24
2013-03-03 21:34:24,648 INFO  crawl.LinkDb - LinkDb: linkdb: crawl/linkdb
2013-03-03 21:34:24,648 INFO  crawl.LinkDb - LinkDb: URL normalize: true
2013-03-03 21:34:24,648 INFO  crawl.LinkDb - LinkDb: URL filter: true
2013-03-03 21:34:24,648 INFO  crawl.LinkDb - LinkDb: internal links will be ignored.
2013-03-03 21:34:24,648 INFO  crawl.LinkDb - LinkDb: adding segment: file:/C:/cygwin/home/Abner/stuff/apache-nutch-1.6-src/crawl/segments/20130303213337
2013-03-03 21:34:25,285 INFO  regex.RegexURLNormalizer - can't find rules for scope 'linkdb', using default
